时间: 2025-03-13 21:41:20
错误: [Errno 2] No such file or directory: 'D:\\work\\docker\\ai_workflow\\app\\workflow\\processors\\en-prototype.html'
详细信息: Traceback (most recent call last):
  File "D:\work\docker\ai_workflow\app\workflow\processors\english_learn_workflow.py", line 36, in upload_to_github
    with open(template_file_path, 'r', encoding='utf-8') as file:
         ^^^^^^^^^^^^^^^^^^^^^^^^^^^^^^^^^^^^^^^^^^^^^^^
FileNotFoundError: [Errno 2] No such file or directory: 'D:\\work\\docker\\ai_workflow\\app\\workflow\\processors\\en-prototype.html'

输入数据: {
  "title": "市场营销术语",
  "result": [
    {
      "en": "Target Users",
      "zh": "目标用户",
      "scene": "在市场营销和产品设计中，目标用户指的是企业或产品希望吸引和服务的特定消费者群体。",
      "examples": [
        {
          "en": "We need to identify our target users for the new app.",
          "zh": "我们需要确定新应用程序的目标用户。"
        },
        {
          "en": "Understanding target users helps in tailoring marketing strategies.",
          "zh": "了解目标用户有助于量身定制营销策略。"
        },
        {
          "en": "Demographics play a crucial role in defining target users.",
          "zh": "人口统计数据在人群定位中起着至关重要的作用。"
        },
        {
          "en": "Creating user personas can help us better understand our target users.",
          "zh": "创建用户画像可以帮助我们更好地理解目标用户。"
        },
        {
          "en": "Feedback from target users is essential for product improvement.",
          "zh": "目标用户的反馈对产品改进至关重要。"
        }
      ]
    },
    {
      "en": "Age Range",
      "zh": "年龄范围",
      "scene": "在市场分析和产品开发中，年龄范围通常用于对消费者进行分类以评估其购买能力或偏好。"...
